<?xml version="1.0" encoding="UTF-8"?>
<!-- Generated by org.testng.reporters.JUnitReportReporter -->
<testsuite hostname="DESKTOP-BHI7ORF" failures="0" tests="1" name="com.actitime.testscript.Demo" time="0.054" errors="0" timestamp="2023-03-25T22:36:36 IST" skipped="0">
  <testcase classname="com.actitime.testscript.Demo" name="testDemo" time="0.054"/>
  <system-out>
    <![CDATA[Hii TS group]]>
  </system-out>
</testsuite> <!-- com.actitime.testscript.Demo -->
